0 info it worked if it ends with ok
1 verbose cli [ 'D:\\Program Files\\nodejs\\node.exe',
1 verbose cli   'D:\\Program Files\\nodejs\\node_modules\\npm\\bin\\npm-cli.js',
1 verbose cli   'run',
1 verbose cli   'dev' ]
2 info using npm@3.10.8
3 info using node@v6.9.1
4 verbose run-script [ 'predev', 'dev', 'postdev' ]
5 info lifecycle graduationAPP@~predev: graduationAPP@
6 silly lifecycle graduationAPP@~predev: no script for predev, continuing
7 info lifecycle graduationAPP@~dev: graduationAPP@
8 verbose lifecycle graduationAPP@~dev: unsafe-perm in lifecycle true
9 verbose lifecycle graduationAPP@~dev: PATH: d:\nvm\v6.9.1\node_modules\npm\bin\node-gyp-bin;C:\Users\Beiing\Desktop\graduationAPP\node_modules\.bin;C:\Users\Beiing\bin;D:\Program Files\Git\mingw64\bin;D:\Program Files\Git\usr\local\bin;D:\Program Files\Git\usr\bin;D:\Program Files\Git\usr\bin;D:\Program Files\Git\mingw64\bin;D:\Program Files\Git\usr\bin;C:\Users\Beiing\bin;C:\Windows\system32;C:\Windows;C:\Windows\System32\Wbem;C:\Windows\System32\WindowsPowerShell\v1.0;D:\nvm;D:\Program Files\nodejs;D:\Program Files\Git\cmd;C:\Users\Beiing\AppData\Local\atom\bin;D:\Program Files\Git\usr\bin\vendor_perl;D:\Program Files\Git\usr\bin\core_perl
10 verbose lifecycle graduationAPP@~dev: CWD: C:\Users\Beiing\Desktop\graduationAPP
11 silly lifecycle graduationAPP@~dev: Args: [ '/d /s /c',
11 silly lifecycle   'cross-env NODE_ENV=development webpack-dev-server --open --inline --hot --port 8085' ]
12 silly lifecycle graduationAPP@~dev: Returned: code: 1  signal: null
13 info lifecycle graduationAPP@~dev: Failed to exec dev script
14 verbose stack Error: graduationAPP@ dev: `cross-env NODE_ENV=development webpack-dev-server --open --inline --hot --port 8085`
14 verbose stack Exit status 1
14 verbose stack     at EventEmitter.<anonymous> (d:\nvm\v6.9.1\node_modules\npm\lib\utils\lifecycle.js:255:16)
14 verbose stack     at emitTwo (events.js:106:13)
14 verbose stack     at EventEmitter.emit (events.js:191:7)
14 verbose stack     at ChildProcess.<anonymous> (d:\nvm\v6.9.1\node_modules\npm\lib\utils\spawn.js:40:14)
14 verbose stack     at emitTwo (events.js:106:13)
14 verbose stack     at ChildProcess.emit (events.js:191:7)
14 verbose stack     at maybeClose (internal/child_process.js:877:16)
14 verbose stack     at Process.ChildProcess._handle.onexit (internal/child_process.js:226:5)
15 verbose pkgid graduationAPP@
16 verbose cwd C:\Users\Beiing\Desktop\graduationAPP
17 error Windows_NT 6.1.7600
18 error argv "D:\\Program Files\\nodejs\\node.exe" "D:\\Program Files\\nodejs\\node_modules\\npm\\bin\\npm-cli.js" "run" "dev"
19 error node v6.9.1
20 error npm  v3.10.8
21 error code ELIFECYCLE
22 error graduationAPP@ dev: `cross-env NODE_ENV=development webpack-dev-server --open --inline --hot --port 8085`
22 error Exit status 1
23 error Failed at the graduationAPP@ dev script 'cross-env NODE_ENV=development webpack-dev-server --open --inline --hot --port 8085'.
23 error Make sure you have the latest version of node.js and npm installed.
23 error If you do, this is most likely a problem with the graduationAPP package,
23 error not with npm itself.
23 error Tell the author that this fails on your system:
23 error     cross-env NODE_ENV=development webpack-dev-server --open --inline --hot --port 8085
23 error You can get information on how to open an issue for this project with:
23 error     npm bugs graduationAPP
23 error Or if that isn't available, you can get their info via:
23 error     npm owner ls graduationAPP
23 error There is likely additional logging output above.
24 verbose exit [ 1, true ]
